#
# There is insufficient memory for the Java Runtime Environment to continue.
# Native memory allocation (mmap) failed to map 187695104 bytes for G1 virtual space
# Possible reasons:
#   The system is out of physical RAM or swap space
#   The process is running with CompressedOops enabled, and the Java Heap may be blocking the growth of the native heap
# Possible solutions:
#   Reduce memory load on the system
#   Increase physical memory or swap space
#   Check if swap backing store is full
#   Decrease Java heap size (-Xmx/-Xms)
#   Decrease number of Java threads
#   Decrease Java thread stack sizes (-Xss)
#   Set larger code cache with -XX:ReservedCodeCacheSize=
#   JVM is running with Unscaled Compressed Oops mode in which the Java heap is
#     placed in the first 4GB address space. The Java Heap base address is the
#     maximum limit for the native heap growth. Please use -XX:HeapBaseMinAddress
#     to set the Java Heap base and to place the Java Heap above 4GB virtual address.
# This output file may be truncated or incomplete.
#
#  Out of Memory Error (os_windows.cpp:3617), pid=11836, tid=20304
#
# JRE version: OpenJDK Runtime Environment Temurin-17.0.8.1+1 (17.0.8.1+1) (build 17.0.8.1+1)
# Java VM: OpenJDK 64-Bit Server VM Temurin-17.0.8.1+1 (17.0.8.1+1, mixed mode, tiered, compressed oops, compressed class ptrs, g1 gc, windows-amd64)
# No core dump will be written. Minidumps are not enabled by default on client versions of Windows
#

---------------  S U M M A R Y ------------

Command Line: -javaagent:C:\Users\Lenovo\java-2023-06\eclipse\configuration\org.eclipse.osgi\471\0\.cp\jacocoagent.jar=includes=*,excludes=,exclclassloader=sun.reflect.DelegatingClassLoader,output=tcpclient,port=51564 --module-path=D:\extractJavaFxFileEclipse\javafx-sdk-22\lib --add-modules=javafx.controls,javafx.graphics,javafx.fxml -Dfile.encoding=UTF-8 -XX:+ShowCodeDetailsInExceptionMessages application.NXTVMain

Host: AMD Ryzen 5 4600H with Radeon Graphics         , 12 cores, 7G,  Windows 11 , 64 bit Build 22621 (10.0.22621.3374)
Time: Sun May 12 18:03:16 2024 Taipei Standard Time elapsed time: 2489.706313 seconds (0d 0h 41m 29s)

---------------  T H R E A D  ---------------

Current thread (0x000002555d1d0130):  VMThread "VM Thread" [stack: 0x000000f781400000,0x000000f781500000] [id=20304]

Stack: [0x000000f781400000,0x000000f781500000]
Native frames: (J=compiled Java code, j=interpreted, Vv=VM code, C=native code)
V  [jvm.dll+0x678b0a]
V  [jvm.dll+0x835e84]
V  [jvm.dll+0x83762e]
V  [jvm.dll+0x837c93]
V  [jvm.dll+0x24746f]
V  [jvm.dll+0x675859]
V  [jvm.dll+0x66a0ea]
V  [jvm.dll+0x306c7b]
V  [jvm.dll+0x30e166]
V  [jvm.dll+0x35dd3e]
V  [jvm.dll+0x35df6f]
V  [jvm.dll+0x2ddb48]
V  [jvm.dll+0x2dbd0c]
V  [jvm.dll+0x2db2dc]
V  [jvm.dll+0x31f18b]
V  [jvm.dll+0x83c15b]
V  [jvm.dll+0x83ce94]
V  [jvm.dll+0x83d3ac]
V  [jvm.dll+0x83d784]
V  [jvm.dll+0x83d850]
V  [jvm.dll+0x7e64ca]
V  [jvm.dll+0x677955]
C  [ucrtbase.dll+0x29333]
C  [KERNEL32.DLL+0x1257d]
C  [ntdll.dll+0x5aa48]

VM_Operation (0x000000f7838fec90): G1CollectForAllocation, mode: safepoint, requested by thread 0x0000025563b2bae0


---------------  P R O C E S S  ---------------

Threads class SMR info:
_java_thread_list=0x0000025563f9d960, length=19, elements={
0x000002555d1d2f80, 0x000002555d1ed040, 0x000002555d227310, 0x000002555d2408e0,
0x000002555d232c90, 0x000002555d239210, 0x000002555d245fa0, 0x000002555d247460,
0x000002555d25e550, 0x000002555d3979a0, 0x000002555dccbf00, 0x0000025562454a80,
0x0000025563bcba80, 0x0000025563b2b0c0, 0x0000025563b2bae0, 0x0000025563c622d0,
0x0000025563c5bd90, 0x0000025563c62cf0, 0x0000025563c61dc0
}

Java Threads: ( => current thread )
  0x000002555d1d2f80 JavaThread "Reference Handler" daemon [_thread_blocked, id=3636, stack(0x000000f781500000,0x000000f781600000)]
  0x000002555d1ed040 JavaThread "Finalizer" daemon [_thread_blocked, id=11032, stack(0x000000f781600000,0x000000f781700000)]
  0x000002555d227310 JavaThread "Signal Dispatcher" daemon [_thread_blocked, id=17884, stack(0x000000f781700000,0x000000f781800000)]
  0x000002555d2408e0 JavaThread "Attach Listener" daemon [_thread_blocked, id=7244, stack(0x000000f781800000,0x000000f781900000)]
  0x000002555d232c90 JavaThread "Service Thread" daemon [_thread_blocked, id=17164, stack(0x000000f781900000,0x000000f781a00000)]
  0x000002555d239210 JavaThread "Monitor Deflation Thread" daemon [_thread_blocked, id=964, stack(0x000000f781a00000,0x000000f781b00000)]
  0x000002555d245fa0 JavaThread "C2 CompilerThread0" daemon [_thread_blocked, id=9168, stack(0x000000f781b00000,0x000000f781c00000)]
  0x000002555d247460 JavaThread "C1 CompilerThread0" daemon [_thread_blocked, id=2144, stack(0x000000f781c00000,0x000000f781d00000)]
  0x000002555d25e550 JavaThread "Sweeper thread" daemon [_thread_blocked, id=8000, stack(0x000000f781d00000,0x000000f781e00000)]
  0x000002555d3979a0 JavaThread "Common-Cleaner" daemon [_thread_blocked, id=616, stack(0x000000f781e00000,0x000000f781f00000)]
  0x000002555dccbf00 JavaThread "org.jacoco.agent.rt.internal_4a7f17c.output.TcpClientOutput" daemon [_thread_in_native, id=144, stack(0x000000f782100000,0x000000f782200000)]
  0x0000025562454a80 JavaThread "Notification Thread" daemon [_thread_blocked, id=13384, stack(0x000000f782000000,0x000000f782100000)]
  0x0000025563bcba80 JavaThread "InvokeLaterDispatcher" daemon [_thread_blocked, id=13196, stack(0x000000f782b00000,0x000000f782c00000)]
  0x0000025563b2b0c0 JavaThread "Thread-3" daemon [_thread_in_native, id=13216, stack(0x000000f782f00000,0x000000f783000000)]
  0x0000025563b2bae0 JavaThread "Thread-4" [_thread_blocked, id=12604, stack(0x000000f783800000,0x000000f783900000)]
  0x0000025563c622d0 JavaThread "mssql-jdbc-shared-timer-core-0" daemon [_thread_blocked, id=6880, stack(0x000000f783a00000,0x000000f783b00000)]
  0x0000025563c5bd90 JavaThread "Prism Font Disposer" daemon [_thread_blocked, id=18992, stack(0x000000f783b00000,0x000000f783c00000)]
  0x0000025563c62cf0 JavaThread "Cleaner-0" daemon [_thread_blocked, id=8052, stack(0x000000f784160000,0x000000f784260000)]
  0x0000025563c61dc0 JavaThread "DestroyJavaVM" [_thread_blocked, id=6852, stack(0x000000f780e00000,0x000000f780f00000)]

Other Threads:
=>0x000002555d1d0130 VMThread "VM Thread" [stack: 0x000000f781400000,0x000000f781500000] [id=20304]
  0x00000255622b1ce0 WatcherThread [stack: 0x000000f782200000,0x000000f782300000] [id=19780]
  0x00000255413e8100 GCTaskThread "GC Thread#0" [stack: 0x000000f780f00000,0x000000f781000000] [id=18748]
  0x0000025563653ec0 GCTaskThread "GC Thread#1" [stack: 0x000000f782400000,0x000000f782500000] [id=4768]
  0x0000025563c09a20 GCTaskThread "GC Thread#2" [stack: 0x000000f782500000,0x000000f782600000] [id=6660]
  0x0000025563c09ce0 GCTaskThread "GC Thread#3" [stack: 0x000000f782600000,0x000000f782700000] [id=15320]
  0x0000025563f96cd0 GCTaskThread "GC Thread#4" [stack: 0x000000f782e00000,0x000000f782f00000] [id=6532]
  0x0000025563f4c8a0 GCTaskThread "GC Thread#5" [stack: 0x000000f783100000,0x000000f783200000] [id=17264]
  0x000002556343b180 GCTaskThread "GC Thread#6" [stack: 0x000000f783200000,0x000000f783300000] [id=11908]
  0x0000025563f07180 GCTaskThread "GC Thread#7" [stack: 0x000000f783300000,0x000000f783400000] [id=19344]
  0x00000255625aeb60 GCTaskThread "GC Thread#8" [stack: 0x000000f783400000,0x000000f783500000] [id=10036]
  0x00000255625af920 GCTaskThread "GC Thread#9" [stack: 0x000000f783500000,0x000000f783600000] [id=15632]
  0x00000255413f7b50 ConcurrentGCThread "G1 Main Marker" [stack: 0x000000f781000000,0x000000f781100000] [id=19640]
  0x00000255413f8c00 ConcurrentGCThread "G1 Conc#0" [stack: 0x000000f781100000,0x000000f781200000] [id=17848]
  0x00000255625af660 ConcurrentGCThread "G1 Conc#1" [stack: 0x000000f783600000,0x000000f783700000] [id=8248]
  0x00000255625afbe0 ConcurrentGCThread "G1 Conc#2" [stack: 0x000000f783700000,0x000000f783800000] [id=17536]
  0x000002554143e1c0 ConcurrentGCThread "G1 Refine#0" [stack: 0x000000f781200000,0x000000f781300000] [id=6536]
  0x000002554143eaf0 ConcurrentGCThread "G1 Service" [stack: 0x000000f781300000,0x000000f781400000] [id=18212]

Threads with active compile tasks:
C2 CompilerThread0  2511044 8063   !   4       com.microsoft.sqlserver.jdbc.TDSCommand::startResponse (552 bytes)

VM state: at safepoint (normal execution)

VM Mutex/Monitor currently owned by a thread:  ([mutex/lock_event])
[0x0000025541389540] Threads_lock - owner thread: 0x000002555d1d0130
[0x00000255413896f0] Heap_lock - owner thread: 0x0000025563b2bae0

Heap address: 0x000000008a000000, size: 1888 MB, Compressed Oops mode: 32-bit

CDS archive(s) not mapped
Compressed class space mapped at: 0x0000000100000000-0x0000000140000000, reserved size: 1073741824
Narrow klass base: 0x0000000000000000, Narrow klass shift: 3, Narrow klass range: 0x140000000

GC Precious Log:
 CPUs: 12 total, 12 available
 Memory: 7549M
 Large Page Support: Disabled
 NUMA Support: Disabled
 Compressed Oops: Enabled (32-bit)
 Heap Region Size: 1M
 Heap Min Capacity: 8M
 Heap Initial Capacity: 118M
 Heap Max Capacity: 1888M
 Pre-touch: Disabled
 Parallel Workers: 10
 Concurrent Workers: 3
 Concurrent Refinement Workers: 10
 Periodic GC: Disabled

Heap:
 garbage-first heap   total 167936K, used 45821K [0x000000008a000000, 0x0000000100000000)
  region size 1024K, 1 young (1024K), 1 survivors (1024K)
 Metaspace       used 40844K, committed 41152K, reserved 1114112K
  class space    used 4524K, committed 4672K, reserved 1048576K

Heap Regions: E=young(eden), S=young(survivor), O=old, HS=humongous(starts), HC=humongous(continues), CS=collection set, F=free, OA=open archive, CA=closed archive, TAMS=top-at-mark-start (previous, next)
|   0|0x000000008a000000, 0x000000008a100000, 0x000000008a100000|100%| O|  |TAMS 0x000000008a100000, 0x000000008a000000| Untracked 
|   1|0x000000008a100000, 0x000000008a200000, 0x000000008a200000|100%| O|  |TAMS 0x000000008a200000, 0x000000008a100000| Untracked 
|   2|0x000000008a200000, 0x000000008a300000, 0x000000008a300000|100%| O|  |TAMS 0x000000008a300000, 0x000000008a200000| Untracked 
|   3|0x000000008a300000, 0x000000008a400000, 0x000000008a400000|100%| O|  |TAMS 0x000000008a400000, 0x000000008a300000| Untracked 
|   4|0x000000008a400000, 0x000000008a500000, 0x000000008a500000|100%| O|  |TAMS 0x000000008a500000, 0x000000008a400000| Untracked 
|   5|0x000000008a500000, 0x000000008a600000, 0x000000008a600000|100%| O|  |TAMS 0x000000008a600000, 0x000000008a500000| Untracked 
|   6|0x000000008a600000, 0x000000008a700000, 0x000000008a700000|100%| O|  |TAMS 0x000000008a700000, 0x000000008a600000| Untracked 
|   7|0x000000008a700000, 0x000000008a800000, 0x000000008a800000|100%| O|  |TAMS 0x000000008a800000, 0x000000008a700000| Untracked 
|   8|0x000000008a800000, 0x000000008a900000, 0x000000008a900000|100%|HS|  |TAMS 0x000000008a900000, 0x000000008a800000| Complete 
|   9|0x000000008a900000, 0x000000008aa00000, 0x000000008aa00000|100%|HC|  |TAMS 0x000000008aa00000, 0x000000008a900000| Complete 
|  10|0x000000008aa00000, 0x000000008ab00000, 0x000000008ab00000|100%| O|  |TAMS 0x000000008ab00000, 0x000000008aa00000| Untracked 
|  11|0x000000008ab00000, 0x000000008ac00000, 0x000000008ac00000|100%| O|  |TAMS 0x000000008ac00000, 0x000000008ab00000| Untracked 
|  12|0x000000008ac00000, 0x000000008ad00000, 0x000000008ad00000|100%| O|  |TAMS 0x000000008ad00000, 0x000000008ac00000| Untracked 
|  13|0x000000008ad00000, 0x000000008ad00000, 0x000000008ae00000|  0%| F|  |TAMS 0x000000008ad00000, 0x000000008ad00000| Untracked 
|  14|0x000000008ae00000, 0x000000008ae00000, 0x000000008af00000|  0%| F|  |TAMS 0x000000008ae00000, 0x000000008ae00000| Untracked 
|  15|0x000000008af00000, 0x000000008af00000, 0x000000008b000000|  0%| F|  |TAMS 0x000000008af00000, 0x000000008af00000| Untracked 
|  16|0x000000008b000000, 0x000000008b000000, 0x000000008b100000|  0%| F|  |TAMS 0x000000008b000000, 0x000000008b000000| Untracked 
|  17|0x000000008b100000, 0x000000008b100000, 0x000000008b200000|  0%| F|  |TAMS 0x000000008b100000, 0x000000008b100000| Untracked 
|  18|0x000000008b200000, 0x000000008b200000, 0x000000008b300000|  0%| F|  |TAMS 0x000000008b200000, 0x000000008b200000| Untracked 
|  19|0x000000008b300000, 0x000000008b300000, 0x000000008b400000|  0%| F|  |TAMS 0x000000008b300000, 0x000000008b300000| Untracked 
|  20|0x000000008b400000, 0x000000008b400000, 0x000000008b500000|  0%| F|  |TAMS 0x000000008b400000, 0x000000008b400000| Untracked 
|  21|0x000000008b500000, 0x000000008b500000, 0x000000008b600000|  0%| F|  |TAMS 0x000000008b500000, 0x000000008b500000| Untracked 
|  22|0x000000008b600000, 0x000000008b600000, 0x000000008b700000|  0%| F|  |TAMS 0x000000008b600000, 0x000000008b600000| Untracked 
|  23|0x000000008b700000, 0x000000008b700000, 0x000000008b800000|  0%| F|  |TAMS 0x000000008b700000, 0x000000008b700000| Untracked 
|  24|0x000000008b800000, 0x000000008b800000, 0x000000008b900000|  0%| F|  |TAMS 0x000000008b800000, 0x000000008b800000| Untracked 
|  25|0x000000008b900000, 0x000000008b900000, 0x000000008ba00000|  0%| F|  |TAMS 0x000000008b900000, 0x000000008b900000| Untracked 
|  26|0x000000008ba00000, 0x000000008ba00000, 0x000000008bb00000|  0%| F|  |TAMS 0x000000008ba00000, 0x000000008ba00000| Untracked 
|  27|0x000000008bb00000, 0x000000008bb00000, 0x000000008bc00000|  0%| F|  |TAMS 0x000000008bb00000, 0x000000008bb00000| Untracked 
|  28|0x000000008bc00000, 0x000000008bc00000, 0x000000008bd00000|  0%| F|  |TAMS 0x000000008bc00000, 0x000000008bc00000| Untracked 
|  29|0x000000008bd00000, 0x000000008bd00000, 0x000000008be00000|  0%| F|  |TAMS 0x000000008bd00000, 0x000000008bd00000| Untracked 
|  30|0x000000008be00000, 0x000000008bf00000, 0x000000008bf00000|100%|HS|  |TAMS 0x000000008bf00000, 0x000000008be00000| Complete 
|  31|0x000000008bf00000, 0x000000008c000000, 0x000000008c000000|100%|HC|  |TAMS 0x000000008c000000, 0x000000008bf00000| Complete 
|  32|0x000000008c000000, 0x000000008c100000, 0x000000008c100000|100%|HC|  |TAMS 0x000000008c100000, 0x000000008c000000| Complete 
|  33|0x000000008c100000, 0x000000008c200000, 0x000000008c200000|100%|HC|  |TAMS 0x000000008c200000, 0x000000008c100000| Complete 
|  34|0x000000008c200000, 0x000000008c300000, 0x000000008c300000|100%|HC|  |TAMS 0x000000008c300000, 0x000000008c200000| Complete 
|  35|0x000000008c300000, 0x000000008c400000, 0x000000008c400000|100%|HC|  |TAMS 0x000000008c400000, 0x000000008c300000| Complete 
|  36|0x000000008c400000, 0x000000008c500000, 0x000000008c500000|100%|HC|  |TAMS 0x000000008c500000, 0x000000008c400000| Complete 
|  37|0x000000008c500000, 0x000000008c600000, 0x000000008c600000|100%|HC|  |TAMS 0x000000008c600000, 0x000000008c500000| Complete 
|  38|0x000000008c600000, 0x000000008c700000, 0x000000008c700000|100%|HC|  |TAMS 0x000000008c700000, 0x000000008c600000| Complete 
|  39|0x000000008c700000, 0x000000008c800000, 0x000000008c800000|100%|HC|  |TAMS 0x000000008c800000, 0x000000008c700000| Complete 
|  40|0x000000008c800000, 0x000000008c900000, 0x000000008c900000|100%|HC|  |TAMS 0x000000008c900000, 0x000000008c800000| Complete 
|  41|0x000000008c900000, 0x000000008ca00000, 0x000000008ca00000|100%|HC|  |TAMS 0x000000008ca00000, 0x000000008c900000| Complete 
|  42|0x000000008ca00000, 0x000000008cb00000, 0x000000008cb00000|100%|HC|  |TAMS 0x000000008cb00000, 0x000000008ca00000| Complete 
|  43|0x000000008cb00000, 0x000000008cc00000, 0x000000008cc00000|100%|HC|  |TAMS 0x000000008cc00000, 0x000000008cb00000| Complete 
|  44|0x000000008cc00000, 0x000000008cd00000, 0x000000008cd00000|100%|HC|  |TAMS 0x000000008cd00000, 0x000000008cc00000| Complete 
|  45|0x000000008cd00000, 0x000000008ce00000, 0x000000008ce00000|100%|HC|  |TAMS 0x000000008ce00000, 0x000000008cd00000| Complete 
|  46|0x000000008ce00000, 0x000000008cf00000, 0x000000008cf00000|100%|HC|  |TAMS 0x000000008cf00000, 0x000000008ce00000| Complete 
|  47|0x000000008cf00000, 0x000000008d000000, 0x000000008d000000|100%| O|  |TAMS 0x000000008d000000, 0x000000008cf00000| Untracked 
|  48|0x000000008d000000, 0x000000008d100000, 0x000000008d100000|100%|HS|  |TAMS 0x000000008d100000, 0x000000008d000000| Complete 
|  49|0x000000008d100000, 0x000000008d200000, 0x000000008d200000|100%|HS|  |TAMS 0x000000008d200000, 0x000000008d100000| Complete 
|  50|0x000000008d200000, 0x000000008d300000, 0x000000008d300000|100%|HC|  |TAMS 0x000000008d300000, 0x000000008d200000| Complete 
|  51|0x000000008d300000, 0x000000008d400000, 0x000000008d400000|100%|HS|  |TAMS 0x000000008d400000, 0x000000008d300000| Complete 
|  52|0x000000008d400000, 0x000000008d500000, 0x000000008d500000|100%| O|  |TAMS 0x000000008d500000, 0x000000008d400000| Untracked 
|  53|0x000000008d500000, 0x000000008d600000, 0x000000008d600000|100%|HS|  |TAMS 0x000000008d600000, 0x000000008d500000| Complete 
|  54|0x000000008d600000, 0x000000008d700000, 0x000000008d700000|100%|HC|  |TAMS 0x000000008d700000, 0x000000008d600000| Complete 
|  55|0x000000008d700000, 0x000000008d800000, 0x000000008d800000|100%| O|  |TAMS 0x000000008d800000, 0x000000008d700000| Untracked 
|  56|0x000000008d800000, 0x000000008d900000, 0x000000008d900000|100%| O|  |TAMS 0x000000008d900000, 0x000000008d800000| Untracked 
|  57|0x000000008d900000, 0x000000008da00000, 0x000000008da00000|100%| O|  |TAMS 0x000000008da00000, 0x000000008d900000| Untracked 
|  58|0x000000008da00000, 0x000000008db00000, 0x000000008db00000|100%| O|  |TAMS 0x000000008db00000, 0x000000008da00000| Untracked 
|  59|0x000000008db00000, 0x000000008dc00000, 0x000000008dc00000|100%| O|  |TAMS 0x000000008dc00000, 0x000000008db00000| Untracked 
|  60|0x000000008dc00000, 0x000000008dcb9000, 0x000000008dd00000| 72%| O|  |TAMS 0x000000008dc9ba00, 0x000000008dc00000| Untracked 
|  61|0x000000008dd00000, 0x000000008dd00000, 0x000000008de00000|  0%| F|  |TAMS 0x000000008dd00000, 0x000000008dd00000| Untracked 
|  62|0x000000008de00000, 0x000000008de00000, 0x000000008df00000|  0%| F|  |TAMS 0x000000008de00000, 0x000000008de00000| Untracked 
|  63|0x000000008df00000, 0x000000008df00000, 0x000000008e000000|  0%| F|  |TAMS 0x000000008df00000, 0x000000008df00000| Untracked 
|  64|0x000000008e000000, 0x000000008e0067f0, 0x000000008e100000|  2%| S|CS|TAMS 0x000000008e000000, 0x000000008e000000| Complete 
|  65|0x000000008e100000, 0x000000008e100000, 0x000000008e200000|  0%| F|  |TAMS 0x000000008e100000, 0x000000008e100000| Untracked 
|  66|0x000000008e200000, 0x000000008e200000, 0x000000008e300000|  0%| F|  |TAMS 0x000000008e200000, 0x000000008e200000| Untracked 
|  67|0x000000008e300000, 0x000000008e300000, 0x000000008e400000|  0%| F|  |TAMS 0x000000008e300000, 0x000000008e300000| Untracked 
|  68|0x000000008e400000, 0x000000008e400000, 0x000000008e500000|  0%| F|  |TAMS 0x000000008e400000, 0x000000008e400000| Untracked 
|  69|0x000000008e500000, 0x000000008e500000, 0x000000008e600000|  0%| F|  |TAMS 0x000000008e500000, 0x000000008e500000| Untracked 
|  70|0x000000008e600000, 0x000000008e600000, 0x000000008e700000|  0%| F|  |TAMS 0x000000008e600000, 0x000000008e600000| Untracked 
|  71|0x000000008e700000, 0x000000008e700000, 0x000000008e800000|  0%| F|  |TAMS 0x000000008e700000, 0x000000008e700000| Untracked 
|  72|0x000000008e800000, 0x000000008e800000, 0x000000008e900000|  0%| F|  |TAMS 0x000000008e800000, 0x000000008e800000| Untracked 
|  73|0x000000008e900000, 0x000000008e900000, 0x000000008ea00000|  0%| F|  |TAMS 0x000000008e900000, 0x000000008e900000| Untracked 
|  74|0x000000008ea00000, 0x000000008ea00000, 0x000000008eb00000|  0%| F|  |TAMS 0x000000008ea00000, 0x000000008ea00000| Untracked 
|  75|0x000000008eb00000, 0x000000008eb00000, 0x000000008ec00000|  0%| F|  |TAMS 0x000000008eb00000, 0x000000008eb00000| Untracked 
|  76|0x000000008ec00000, 0x000000008ec00000, 0x000000008ed00000|  0%| F|  |TAMS 0x000000008ec00000, 0x000000008ec00000| Untracked 
|  77|0x000000008ed00000, 0x000000008ed00000, 0x000000008ee00000|  0%| F|  |TAMS 0x000000008ed00000, 0x000000008ed00000| Untracked 
|  78|0x000000008ee00000, 0x000000008ee00000, 0x000000008ef00000|  0%| F|  |TAMS 0x000000008ee00000, 0x000000008ee00000| Untracked 
|  79|0x000000008ef00000, 0x000000008ef00000, 0x000000008f000000|  0%| F|  |TAMS 0x000000008ef00000, 0x000000008ef00000| Untracked 
|  80|0x000000008f000000, 0x000000008f000000, 0x000000008f100000|  0%| F|  |TAMS 0x000000008f000000, 0x000000008f000000| Untracked 
|  81|0x000000008f100000, 0x000000008f100000, 0x000000008f200000|  0%| F|  |TAMS 0x000000008f100000, 0x000000008f100000| Untracked 
|  82|0x000000008f200000, 0x000000008f200000, 0x000000008f300000|  0%| F|  |TAMS 0x000000008f200000, 0x000000008f200000| Untracked 
|  83|0x000000008f300000, 0x000000008f300000, 0x000000008f400000|  0%| F|  |TAMS 0x000000008f300000, 0x000000008f300000| Untracked 
|  84|0x000000008f400000, 0x000000008f400000, 0x000000008f500000|  0%| F|  |TAMS 0x000000008f400000, 0x000000008f400000| Untracked 
|  85|0x000000008f500000, 0x000000008f500000, 0x000000008f600000|  0%| F|  |TAMS 0x000000008f500000, 0x000000008f500000| Untracked 
|  86|0x000000008f600000, 0x000000008f600000, 0x000000008f700000|  0%| F|  |TAMS 0x000000008f600000, 0x000000008f600000| Untracked 
|  87|0x000000008f700000, 0x000000008f700000, 0x000000008f800000|  0%| F|  |TAMS 0x000000008f700000, 0x000000008f700000| Untracked 
|  88|0x000000008f800000, 0x000000008f800000, 0x000000008f900000|  0%| F|  |TAMS 0x000000008f800000, 0x000000008f800000| Untracked 
|  89|0x000000008f900000, 0x000000008f900000, 0x000000008fa00000|  0%| F|  |TAMS 0x000000008f900000, 0x000000008f900000| Untracked 
|  90|0x000000008fa00000, 0x000000008fa00000, 0x000000008fb00000|  0%| F|  |TAMS 0x000000008fa00000, 0x000000008fa00000| Untracked 
|  91|0x000000008fb00000, 0x000000008fb00000, 0x000000008fc00000|  0%| F|  |TAMS 0x000000008fb00000, 0x000000008fb00000| Untracked 
|  92|0x000000008fc00000, 0x000000008fc00000, 0x000000008fd00000|  0%| F|  |TAMS 0x000000008fc00000, 0x000000008fc00000| Untracked 
|  93|0x000000008fd00000, 0x000000008fd00000, 0x000000008fe00000|  0%| F|  |TAMS 0x000000008fd00000, 0x000000008fd00000| Untracked 
|  94|0x000000008fe00000, 0x000000008fe00000, 0x000000008ff00000|  0%| F|  |TAMS 0x000000008fe00000, 0x000000008fe00000| Untracked 
|  95|0x000000008ff00000, 0x000000008ff00000, 0x0000000090000000|  0%| F|  |TAMS 0x000000008ff00000, 0x000000008ff00000| Untracked 
|  96|0x0000000090000000, 0x0000000090000000, 0x0000000090100000|  0%| F|  |TAMS 0x0000000090000000, 0x0000000090000000| Untracked 
|  97|0x0000000090100000, 0x0000000090100000, 0x0000000090200000|  0%| F|  |TAMS 0x0000000090100000, 0x0000000090100000| Untracked 
|  98|0x0000000090200000, 0x0000000090200000, 0x0000000090300000|  0%| F|  |TAMS 0x0000000090200000, 0x0000000090200000| Untracked 
|  99|0x0000000090300000, 0x0000000090300000, 0x0000000090400000|  0%| F|  |TAMS 0x0000000090300000, 0x0000000090300000| Untracked 
| 100|0x0000000090400000, 0x0000000090400000, 0x0000000090500000|  0%| F|  |TAMS 0x0000000090400000, 0x0000000090400000| Untracked 
| 101|0x0000000090500000, 0x0000000090500000, 0x0000000090600000|  0%| F|  |TAMS 0x0000000090500000, 0x0000000090500000| Untracked 
| 102|0x0000000090600000, 0x0000000090600000, 0x0000000090700000|  0%| F|  |TAMS 0x0000000090600000, 0x0000000090600000| Untracked 
| 103|0x0000000090700000, 0x0000000090700000, 0x0000000090800000|  0%| F|  |TAMS 0x0000000090700000, 0x0000000090700000| Untracked 
| 104|0x0000000090800000, 0x0000000090800000, 0x0000000090900000|  0%| F|  |TAMS 0x0000000090800000, 0x0000000090800000| Untracked 
| 105|0x0000000090900000, 0x0000000090900000, 0x0000000090a00000|  0%| F|  |TAMS 0x0000000090900000, 0x0000000090900000| Untracked 
| 106|0x0000000090a00000, 0x0000000090a00000, 0x0000000090b00000|  0%| F|  |TAMS 0x0000000090a00000, 0x0000000090a00000| Untracked 
| 107|0x0000000090b00000, 0x0000000090b00000, 0x0000000090c00000|  0%| F|  |TAMS 0x0000000090b00000, 0x0000000090b00000| Untracked 
| 108|0x0000000090c00000, 0x0000000090c00000, 0x0000000090d00000|  0%| F|  |TAMS 0x0000000090c00000, 0x0000000090c00000| Untracked 
| 109|0x0000000090d00000, 0x0000000090d00000, 0x0000000090e00000|  0%| F|  |TAMS 0x0000000090d00000, 0x0000000090d00000| Untracked 
| 110|0x0000000090e00000, 0x0000000090e00000, 0x0000000090f00000|  0%| F|  |TAMS 0x0000000090e00000, 0x0000000090e00000| Untracked 
| 111|0x0000000090f00000, 0x0000000090f00000, 0x0000000091000000|  0%| F|  |TAMS 0x0000000090f00000, 0x0000000090f00000| Untracked 
| 112|0x0000000091000000, 0x0000000091000000, 0x0000000091100000|  0%| F|  |TAMS 0x0000000091000000, 0x0000000091000000| Untracked 
| 113|0x0000000091100000, 0x0000000091100000, 0x0000000091200000|  0%| F|  |TAMS 0x0000000091100000, 0x0000000091100000| Untracked 
| 114|0x0000000091200000, 0x0000000091200000, 0x0000000091300000|  0%| F|  |TAMS 0x0000000091200000, 0x0000000091200000| Untracked 
| 115|0x0000000091300000, 0x0000000091300000, 0x0000000091400000|  0%| F|  |TAMS 0x0000000091300000, 0x0000000091300000| Untracked 
| 116|0x0000000091400000, 0x0000000091400000, 0x0000000091500000|  0%| F|  |TAMS 0x0000000091400000, 0x0000000091400000| Untracked 
| 117|0x0000000091500000, 0x0000000091500000, 0x0000000091600000|  0%| F|  |TAMS 0x0000000091500000, 0x0000000091500000| Untracked 
| 118|0x0000000091600000, 0x0000000091600000, 0x0000000091700000|  0%| F|  |TAMS 0x0000000091600000, 0x0000000091600000| Untracked 
| 119|0x0000000091700000, 0x0000000091700000, 0x0000000091800000|  0%| F|  |TAMS 0x0000000091700000, 0x0000000091700000| Untracked 
| 120|0x0000000091800000, 0x0000000091800000, 0x0000000091900000|  0%| F|  |TAMS 0x0000000091800000, 0x0000000091800000| Untracked 
| 121|0x0000000091900000, 0x0000000091900000, 0x0000000091a00000|  0%| F|  |TAMS 0x0000000091900000, 0x0000000091900000| Untracked 
| 122|0x0000000091a00000, 0x0000000091a00000, 0x0000000091b00000|  0%| F|  |TAMS 0x0000000091a00000, 0x0000000091a00000| Untracked 
| 123|0x0000000091b00000, 0x0000000091b00000, 0x0000000091c00000|  0%| F|  |TAMS 0x0000000091b00000, 0x0000000091b00000| Untracked 
| 124|0x0000000091c00000, 0x0000000091c00000, 0x0000000091d00000|  0%| F|  |TAMS 0x0000000091c00000, 0x0000000091c00000| Untracked 
| 125|0x0000000091d00000, 0x0000000091d00000, 0x0000000091e00000|  0%| F|  |TAMS 0x0000000091d00000, 0x0000000091d00000| Untracked 
| 126|0x0000000091e00000, 0x0000000091e00000, 0x0000000091f00000|  0%| F|  |TAMS 0x0000000091e00000, 0x0000000091e00000| Untracked 
| 127|0x0000000091f00000, 0x0000000091f00000, 0x0000000092000000|  0%| F|  |TAMS 0x0000000091f00000, 0x0000000091f00000| Untracked 
| 128|0x0000000092000000, 0x0000000092000000, 0x0000000092100000|  0%| F|  |TAMS 0x0000000092000000, 0x0000000092000000| Untracked 
| 129|0x0000000092100000, 0x0000000092100000, 0x0000000092200000|  0%| F|  |TAMS 0x0000000092100000, 0x0000000092100000| Untracked 
| 130|0x0000000092200000, 0x0000000092200000, 0x0000000092300000|  0%| F|  |TAMS 0x0000000092200000, 0x0000000092200000| Untracked 
| 131|0x0000000092300000, 0x0000000092300000, 0x0000000092400000|  0%| F|  |TAMS 0x0000000092300000, 0x0000000092300000| Untracked 
| 132|0x0000000092400000, 0x0000000092400000, 0x0000000092500000|  0%| F|  |TAMS 0x0000000092400000, 0x0000000092400000| Untracked 
| 133|0x0000000092500000, 0x0000000092500000, 0x0000000092600000|  0%| F|  |TAMS 0x0000000092500000, 0x0000000092500000| Untracked 
| 134|0x0000000092600000, 0x0000000092600000, 0x0000000092700000|  0%| F|  |TAMS 0x0000000092600000, 0x0000000092600000| Untracked 
| 135|0x0000000092700000, 0x0000000092700000, 0x0000000092800000|  0%| F|  |TAMS 0x0000000092700000, 0x0000000092700000| Untracked 
| 136|0x0000000092800000, 0x0000000092800000, 0x0000000092900000|  0%| F|  |TAMS 0x0000000092800000, 0x0000000092800000| Untracked 
| 137|0x0000000092900000, 0x0000000092900000, 0x0000000092a00000|  0%| F|  |TAMS 0x0000000092900000, 0x0000000092900000| Untracked 
| 138|0x0000000092a00000, 0x0000000092a00000, 0x0000000092b00000|  0%| F|  |TAMS 0x0000000092a00000, 0x0000000092a00000| Untracked 
| 139|0x0000000092b00000, 0x0000000092b00000, 0x0000000092c00000|  0%| F|  |TAMS 0x0000000092b00000, 0x0000000092b00000| Untracked 
| 140|0x0000000092c00000, 0x0000000092c00000, 0x0000000092d00000|  0%| F|  |TAMS 0x0000000092c00000, 0x0000000092c00000| Untracked 
| 141|0x0000000092d00000, 0x0000000092d00000, 0x0000000092e00000|  0%| F|  |TAMS 0x0000000092d00000, 0x0000000092d00000| Untracked 
| 142|0x0000000092e00000, 0x0000000092e00000, 0x0000000092f00000|  0%| F|  |TAMS 0x0000000092e00000, 0x0000000092e00000| Untracked 
| 143|0x0000000092f00000, 0x0000000092f00000, 0x0000000093000000|  0%| F|  |TAMS 0x0000000092f00000, 0x0000000092f00000| Untracked 
| 144|0x0000000093000000, 0x0000000093000000, 0x0000000093100000|  0%| F|  |TAMS 0x0000000093000000, 0x0000000093000000| Untracked 
| 145|0x0000000093100000, 0x0000000093100000, 0x0000000093200000|  0%| F|  |TAMS 0x0000000093100000, 0x0000000093100000| Untracked 
| 146|0x0000000093200000, 0x0000000093200000, 0x0000000093300000|  0%| F|  |TAMS 0x0000000093200000, 0x0000000093200000| Untracked 
| 147|0x0000000093300000, 0x0000000093300000, 0x0000000093400000|  0%| F|  |TAMS 0x0000000093300000, 0x0000000093300000| Untracked 
| 148|0x0000000093400000, 0x0000000093400000, 0x0000000093500000|  0%| F|  |TAMS 0x0000000093400000, 0x0000000093400000| Untracked 
| 149|0x0000000093500000, 0x0000000093500000, 0x0000000093600000|  0%| F|  |TAMS 0x0000000093500000, 0x0000000093500000| Untracked 
| 150|0x0000000093600000, 0x0000000093600000, 0x0000000093700000|  0%| F|  |TAMS 0x0000000093600000, 0x0000000093600000| Untracked 
| 151|0x0000000093700000, 0x0000000093700000, 0x0000000093800000|  0%| F|  |TAMS 0x0000000093700000, 0x0000000093700000| Untracked 
| 152|0x0000000093800000, 0x0000000093800000, 0x0000000093900000|  0%| F|  |TAMS 0x0000000093800000, 0x0000000093800000| Untracked 
| 153|0x0000000093900000, 0x0000000093900000, 0x0000000093a00000|  0%| F|  |TAMS 0x0000000093900000, 0x0000000093900000| Untracked 
| 154|0x0000000093a00000, 0x0000000093a00000, 0x0000000093b00000|  0%| F|  |TAMS 0x0000000093a00000, 0x0000000093a00000| Untracked 
| 155|0x0000000093b00000, 0x0000000093b00000, 0x0000000093c00000|  0%| F|  |TAMS 0x0000000093b00000, 0x0000000093b00000| Untracked 
| 156|0x0000000093c00000, 0x0000000093c00000, 0x0000000093d00000|  0%| F|  |TAMS 0x0000000093c00000, 0x0000000093c00000| Untracked 
| 157|0x0000000093d00000, 0x0000000093d00000, 0x0000000093e00000|  0%| F|  |TAMS 0x0000000093d00000, 0x0000000093d00000| Untracked 
| 158|0x0000000093e00000, 0x0000000093e00000, 0x0000000093f00000|  0%| F|  |TAMS 0x0000000093e00000, 0x0000000093e00000| Untracked 
| 159|0x0000000093f00000, 0x0000000093f00000, 0x0000000094000000|  0%| F|  |TAMS 0x0000000093f00000, 0x0000000093f00000| Untracked 
| 160|0x0000000094000000, 0x0000000094000000, 0x0000000094100000|  0%| F|  |TAMS 0x0000000094000000, 0x0000000094000000| Untracked 
| 161|0x0000000094100000, 0x0000000094100000, 0x0000000094200000|  0%| F|  |TAMS 0x0000000094100000, 0x0000000094100000| Untracked 
| 162|0x0000000094200000, 0x0000000094200000, 0x0000000094300000|  0%| F|  |TAMS 0x0000000094200000, 0x0000000094200000| Untracked 
|1887|0x00000000fff00000, 0x0000000100000000, 0x0000000100000000|100%| O|  |TAMS 0x0000000100000000, 0x00000000fff00000| Untracked 

Card table byte_map: [0x0000025556280000,0x0000025556630000] _byte_map_base: 0x0000025555e30000

Marking Bits (Prev, Next): (CMBitMap*) 0x00000255413e8620, (CMBitMap*) 0x00000255413e8660
 Prev Bits: [0x00000255569e0000, 0x0000025558760000)
 Next Bits: [0x0000025558760000, 0x000002555a4e0000)

Polling page: 0x00000255410f0000

Metaspace:

Usage:
  Non-class:     35.47 MB used.
      Class:      4.42 MB used.
       Both:     39.89 MB used.

Virtual space:
  Non-class space:       64.00 MB reserved,      35.62 MB ( 56%) committed,  1 nodes.
      Class space:        1.00 GB reserved,       4.56 MB ( <1%) committed,  1 nodes.
             Both:        1.06 GB reserved,      40.19 MB (  4%) committed. 

Chunk freelists:
   Non-Class:  12.11 MB
       Class:  11.25 MB
        Both:  23.36 MB

MaxMetaspaceSize: unlimited
CompressedClassSpaceSize: 1.00 GB
Initial GC threshold: 21.00 MB
Current GC threshold: 66.88 MB
CDS: off
MetaspaceReclaimPolicy: balanced
 - commit_granule_bytes: 65536.
 - commit_granule_words: 8192.
 - virtual_space_node_default_size: 8388608.
 - enlarge_chunks_in_place: 1.
 - new_chunks_are_fully_committed: 0.
 - uncommit_free_chunks: 1.
 - use_allocation_guard: 0.
 - handle_deallocations: 1.


Internal statistics:

num_allocs_failed_limit: 3.
num_arena_births: 344.
num_arena_deaths: 0.
num_vsnodes_births: 2.
num_vsnodes_deaths: 0.
num_space_committed: 643.
num_space_uncommitted: 0.
num_chunks_returned_to_freelist: 3.
num_chunks_taken_from_freelist: 1291.
num_chunk_merges: 0.
num_chunk_splits: 906.
num_chunks_enlarged: 709.
num_inconsistent_stats: 0.

CodeHeap 'non-profiled nmethods': size=120000Kb used=4294Kb max_used=4294Kb free=115706Kb
 bounds [0x000002554dd20000, 0x000002554e160000, 0x0000025555250000]
CodeHeap 'profiled nmethods': size=120000Kb used=11745Kb max_used=11745Kb free=108254Kb
 bounds [0x0000025546250000, 0x0000025546dd0000, 0x000002554d780000]
CodeHeap 'non-nmethods': size=5760Kb used=1527Kb max_used=1603Kb free=4232Kb
 bounds [0x000002554d780000, 0x000002554d9f0000, 0x000002554dd20000]
 total_blobs=7251 nmethods=6338 adapters=823
 compilation: enabled
              stopped_count=0, restarted_count=0
 full_count=0

Compilation events (20 events):
Event: 92.813 Thread 0x000002555d247460 nmethod 8053 0x0000025546dc4590 code [0x0000025546dc4740, 0x0000025546dc49c8]
Event: 93.871 Thread 0x000002555d245fa0 8054   !   4       java.util.concurrent.locks.AbstractQueuedSynchronizer::acquire (407 bytes)
Event: 93.912 Thread 0x000002555d245fa0 nmethod 8054 0x000002554e148510 code [0x000002554e148720, 0x000002554e149700]
Event: 171.331 Thread 0x000002555d247460 8055       3       java.util.concurrent.locks.LockSupport::park (23 bytes)
Event: 171.331 Thread 0x000002555d247460 nmethod 8055 0x0000025546dc4a90 code [0x0000025546dc4c40, 0x0000025546dc4e08]
Event: 1727.802 Thread 0x000002555d247460 8057 % !   3       java.util.concurrent.ScheduledThreadPoolExecutor$DelayedWorkQueue::take @ 9 (203 bytes)
Event: 1735.755 Thread 0x000002555d247460 nmethod 8057% 0x0000025546dc4f10 code [0x0000025546dc52c0, 0x0000025546dc6be8]
Event: 1753.423 Thread 0x000002555d245fa0 8058 % !   4       java.util.concurrent.ScheduledThreadPoolExecutor$DelayedWorkQueue::take @ 9 (203 bytes)
Event: 1756.920 Thread 0x000002555d245fa0 nmethod 8058% 0x000002554e149e10 code [0x000002554e14a100, 0x000002554e14c138]
Event: 2299.927 Thread 0x000002555d247460 8059 % !   3       java.util.concurrent.ScheduledThreadPoolExecutor$DelayedWorkQueue::take @ 9 (203 bytes)
Event: 2303.797 Thread 0x000002555d247460 nmethod 8059% 0x0000025546dc7710 code [0x0000025546dc7ac0, 0x0000025546dc93e8]
Event: 2310.329 Thread 0x000002555d245fa0 8060 % !   4       java.util.concurrent.ScheduledThreadPoolExecutor$DelayedWorkQueue::take @ 9 (203 bytes)
Event: 2338.408 Thread 0x000002555d245fa0 nmethod 8060% 0x000002554e14d810 code [0x000002554e14db20, 0x000002554e14fcf8]
Event: 2405.583 Thread 0x000002555d247460 8061   !   3       com.microsoft.sqlserver.jdbc.TDSCommand::startResponse (552 bytes)
Event: 2424.905 Thread 0x000002555d247460 nmethod 8061 0x0000025546dc9f10 code [0x0000025546dca340, 0x0000025546dcc758]
Event: 2434.561 Thread 0x000002555d245fa0 8063   !   4       com.microsoft.sqlserver.jdbc.TDSCommand::startResponse (552 bytes)
Event: 2434.732 Thread 0x000002555d247460 8062       1       java.lang.invoke.InvokerBytecodeGenerator::setClassWriter (6 bytes)
Event: 2439.751 Thread 0x000002555d247460 nmethod 8062 0x000002554e151510 code [0x000002554e1516a0, 0x000002554e1517b8]
Event: 2440.275 Thread 0x000002555d247460 8064       3       jdk.internal.org.objectweb.asm.AnnotationVisitor::<init> (7 bytes)
Event: 2440.907 Thread 0x000002555d247460 nmethod 8064 0x0000025546dcd110 code [0x0000025546dcd2c0, 0x0000025546dcd408]

GC Heap History (20 events):
Event: 2350.955 GC heap after
{Heap after GC invocations=1131 (full 0):
 garbage-first heap   total 167936K, used 45812K [0x000000008a000000, 0x0000000100000000)
  region size 1024K, 1 young (1024K), 1 survivors (1024K)
 Metaspace       used 40843K, committed 41152K, reserved 1114112K
  class space    used 4524K, committed 4672K, reserved 1048576K
}
Event: 2352.093 GC heap before
{Heap before GC invocations=1131 (full 0):
 garbage-first heap   total 167936K, used 145140K [0x000000008a000000, 0x0000000100000000)
  region size 1024K, 98 young (100352K), 1 survivors (1024K)
 Metaspace       used 40843K, committed 41152K, reserved 1114112K
  class space    used 4524K, committed 4672K, reserved 1048576K
}
Event: 2352.094 GC heap after
{Heap after GC invocations=1132 (full 0):
 garbage-first heap   total 167936K, used 45811K [0x000000008a000000, 0x0000000100000000)
  region size 1024K, 1 young (1024K), 1 survivors (1024K)
 Metaspace       used 40843K, committed 41152K, reserved 1114112K
  class space    used 4524K, committed 4672K, reserved 1048576K
}
Event: 2353.434 GC heap before
{Heap before GC invocations=1132 (full 0):
 garbage-first heap   total 167936K, used 145139K [0x000000008a000000, 0x0000000100000000)
  region size 1024K, 98 young (100352K), 1 survivors (1024K)
 Metaspace       used 40843K, committed 41152K, reserved 1114112K
  class space    used 4524K, committed 4672K, reserved 1048576K
}
Event: 2353.435 GC heap after
{Heap after GC invocations=1133 (full 0):
 garbage-first heap   total 167936K, used 45804K [0x000000008a000000, 0x0000000100000000)
  region size 1024K, 1 young (1024K), 1 survivors (1024K)
 Metaspace       used 40843K, committed 41152K, reserved 1114112K
  class space    used 4524K, committed 4672K, reserved 1048576K
}
Event: 2354.648 GC heap before
{Heap before GC invocations=1133 (full 0):
 garbage-first heap   total 167936K, used 145132K [0x000000008a000000, 0x0000000100000000)
  region size 1024K, 98 young (100352K), 1 survivors (1024K)
 Metaspace       used 40843K, committed 41152K, reserved 1114112K
  class space    used 4524K, committed 4672K, reserved 1048576K
}
Event: 2354.648 GC heap after
{Heap after GC invocations=1134 (full 0):
 garbage-first heap   total 167936K, used 45811K [0x000000008a000000, 0x0000000100000000)
  region size 1024K, 1 young (1024K), 1 survivors (1024K)
 Metaspace       used 40843K, committed 41152K, reserved 1114112K
  class space    used 4524K, committed 4672K, reserved 1048576K
}
Event: 2359.582 GC heap before
{Heap before GC invocations=1134 (full 0):
 garbage-first heap   total 167936K, used 145139K [0x000000008a000000, 0x0000000100000000)
  region size 1024K, 98 young (100352K), 1 survivors (1024K)
 Metaspace       used 40843K, committed 41152K, reserved 1114112K
  class space    used 4524K, committed 4672K, reserved 1048576K
}
Event: 2359.583 GC heap after
{Heap after GC invocations=1135 (full 0):
 garbage-first heap   total 167936K, used 45811K [0x000000008a000000, 0x0000000100000000)
  region size 1024K, 1 young (1024K), 1 survivors (1024K)
 Metaspace       used 40843K, committed 41152K, reserved 1114112K
  class space    used 4524K, committed 4672K, reserved 1048576K
}
Event: 2361.064 GC heap before
{Heap before GC invocations=1135 (full 0):
 garbage-first heap   total 167936K, used 145139K [0x000000008a000000, 0x0000000100000000)
  region size 1024K, 98 young (100352K), 1 survivors (1024K)
 Metaspace       used 40843K, committed 41152K, reserved 1114112K
  class space    used 4524K, committed 4672K, reserved 1048576K
}
Event: 2361.065 GC heap after
{Heap after GC invocations=1136 (full 0):
 garbage-first heap   total 167936K, used 45811K [0x000000008a000000, 0x0000000100000000)
  region size 1024K, 1 young (1024K), 1 survivors (1024K)
 Metaspace       used 40843K, committed 41152K, reserved 1114112K
  class space    used 4524K, committed 4672K, reserved 1048576K
}
Event: 2406.938 GC heap before
{Heap before GC invocations=1136 (full 0):
 garbage-first heap   total 167936K, used 145139K [0x000000008a000000, 0x0000000100000000)
  region size 1024K, 98 young (100352K), 1 survivors (1024K)
 Metaspace       used 40843K, committed 41152K, reserved 1114112K
  class space    used 4524K, committed 4672K, reserved 1048576K
}
Event: 2409.901 GC heap after
{Heap after GC invocations=1137 (full 0):
 garbage-first heap   total 167936K, used 45811K [0x000000008a000000, 0x0000000100000000)
  region size 1024K, 1 young (1024K), 1 survivors (1024K)
 Metaspace       used 40843K, committed 41152K, reserved 1114112K
  class space    used 4524K, committed 4672K, reserved 1048576K
}
Event: 2411.714 GC heap before
{Heap before GC invocations=1137 (full 0):
 garbage-first heap   total 167936K, used 145139K [0x000000008a000000, 0x0000000100000000)
  region size 1024K, 98 young (100352K), 1 survivors (1024K)
 Metaspace       used 40843K, committed 41152K, reserved 1114112K
  class space    used 4524K, committed 4672K, reserved 1048576K
}
Event: 2412.365 GC heap after
{Heap after GC invocations=1138 (full 0):
 garbage-first heap   total 167936K, used 45811K [0x000000008a000000, 0x0000000100000000)
  region size 1024K, 1 young (1024K), 1 survivors (1024K)
 Metaspace       used 40843K, committed 41152K, reserved 1114112K
  class space    used 4524K, committed 4672K, reserved 1048576K
}
Event: 2436.759 GC heap before
{Heap before GC invocations=1138 (full 0):
 garbage-first heap   total 167936K, used 145139K [0x000000008a000000, 0x0000000100000000)
  region size 1024K, 98 young (100352K), 1 survivors (1024K)
 Metaspace       used 40843K, committed 41152K, reserved 1114112K
  class space    used 4524K, committed 4672K, reserved 1048576K
}
Event: 2439.751 GC heap after
{Heap after GC invocations=1139 (full 0):
 garbage-first heap   total 167936K, used 45814K [0x000000008a000000, 0x0000000100000000)
  region size 1024K, 1 young (1024K), 1 survivors (1024K)
 Metaspace       used 40843K, committed 41152K, reserved 1114112K
  class space    used 4524K, committed 4672K, reserved 1048576K
}
Event: 2442.298 GC heap before
{Heap before GC invocations=1139 (full 0):
 garbage-first heap   total 167936K, used 145142K [0x000000008a000000, 0x0000000100000000)
  region size 1024K, 98 young (100352K), 1 survivors (1024K)
 Metaspace       used 40844K, committed 41152K, reserved 1114112K
  class space    used 4524K, committed 4672K, reserved 1048576K
}
Event: 2442.703 GC heap after
{Heap after GC invocations=1140 (full 0):
 garbage-first heap   total 167936K, used 45825K [0x000000008a000000, 0x0000000100000000)
  region size 1024K, 1 young (1024K), 1 survivors (1024K)
 Metaspace       used 40844K, committed 41152K, reserved 1114112K
  class space    used 4524K, committed 4672K, reserved 1048576K
}
Event: 2446.046 GC heap before
{Heap before GC invocations=1140 (full 0):
 garbage-first heap   total 167936K, used 145153K [0x000000008a000000, 0x0000000100000000)
  region size 1024K, 98 young (100352K), 1 survivors (1024K)
 Metaspace       used 40844K, committed 41152K, reserved 1114112K
  class space    used 4524K, committed 4672K, reserved 1048576K
}

Dll operation events (20 events):
Event: 1.159 Loaded shared library D:\extractJavaFxFileEclipse\javafx-sdk-22\bin\api-ms-win-crt-locale-l1-1-0.dll
Event: 1.160 Loaded shared library D:\extractJavaFxFileEclipse\javafx-sdk-22\bin\api-ms-win-crt-math-l1-1-0.dll
Event: 1.162 Loaded shared library D:\extractJavaFxFileEclipse\javafx-sdk-22\bin\api-ms-win-crt-multibyte-l1-1-0.dll
Event: 1.164 Loaded shared library D:\extractJavaFxFileEclipse\javafx-sdk-22\bin\api-ms-win-crt-private-l1-1-0.dll
Event: 1.166 Loaded shared library D:\extractJavaFxFileEclipse\javafx-sdk-22\bin\api-ms-win-crt-process-l1-1-0.dll
Event: 1.168 Loaded shared library D:\extractJavaFxFileEclipse\javafx-sdk-22\bin\api-ms-win-crt-runtime-l1-1-0.dll
Event: 1.170 Loaded shared library D:\extractJavaFxFileEclipse\javafx-sdk-22\bin\api-ms-win-crt-stdio-l1-1-0.dll
Event: 1.171 Loaded shared library D:\extractJavaFxFileEclipse\javafx-sdk-22\bin\api-ms-win-crt-string-l1-1-0.dll
Event: 1.173 Loaded shared library D:\extractJavaFxFileEclipse\javafx-sdk-22\bin\api-ms-win-crt-time-l1-1-0.dll
Event: 1.175 Loaded shared library D:\extractJavaFxFileEclipse\javafx-sdk-22\bin\api-ms-win-crt-utility-l1-1-0.dll
Event: 1.177 Loaded shared library D:\extractJavaFxFileEclipse\javafx-sdk-22\bin\ucrtbase.dll
Event: 1.178 Loaded shared library D:\extractJavaFxFileEclipse\javafx-sdk-22\bin\vcruntime140.dll
Event: 1.180 Loaded shared library D:\extractJavaFxFileEclipse\javafx-sdk-22\bin\vcruntime140_1.dll
Event: 1.182 Loaded shared library D:\extractJavaFxFileEclipse\javafx-sdk-22\bin\msvcp140.dll
Event: 1.184 Loaded shared library D:\extractJavaFxFileEclipse\javafx-sdk-22\bin\msvcp140_1.dll
Event: 1.185 Loaded shared library D:\extractJavaFxFileEclipse\javafx-sdk-22\bin\msvcp140_2.dll
Event: 1.395 Loaded shared library D:\extractJavaFxFileEclipse\javafx-sdk-22\bin\prism_d3d.dll
Event: 1.603 Loaded shared library D:\extractJavaFxFileEclipse\javafx-sdk-22\bin\glass.dll
Event: 2.831 Loaded shared library C:\Users\Lenovo\.p2\pool\plugins\org.eclipse.justj.openjdk.hotspot.jre.full.win32.x86_64_17.0.8.v20230831-1047\jre\bin\sunmscapi.dll
Event: 5.464 Loaded shared library D:\extractJavaFxFileEclipse\javafx-sdk-22\bin\javafx_font.dll

Deoptimization events (20 events):
Event: 1720.794 Thread 0x0000025563c622d0 Uncommon trap: trap_request=0xffffff45 fr.pc=0x000002554e13b418 relative=0x0000000000001858
Event: 1721.378 Thread 0x0000025563c622d0 Uncommon trap: reason=unstable_if action=reinterpret pc=0x000002554e13b418 method=java.util.concurrent.locks.AbstractQueuedSynchronizer$ConditionObject.await()V @ 88 c2
Event: 1721.484 Thread 0x0000025563c622d0 DEOPT PACKING pc=0x000002554e13b418 sp=0x000000f783aff240
Event: 1722.025 Thread 0x0000025563c622d0 DEOPT UNPACKING pc=0x000002554d7d69a3 sp=0x000000f783aff188 mode 2
Event: 1757.961 Thread 0x0000025563c622d0 DEOPT PACKING pc=0x0000025546dc67a8 sp=0x000000f783aff1b0
Event: 1757.962 Thread 0x0000025563c622d0 DEOPT UNPACKING pc=0x000002554d7d7143 sp=0x000000f783afe710 mode 0
Event: 2298.147 Thread 0x0000025563c622d0 Uncommon trap: trap_request=0xffffff45 fr.pc=0x000002554e14b654 relative=0x0000000000001554
Event: 2298.845 Thread 0x0000025563c622d0 Uncommon trap: reason=unstable_if action=reinterpret pc=0x000002554e14b654 method=java.util.concurrent.locks.AbstractQueuedSynchronizer$ConditionObject.awaitNanos(J)J @ 87 c2
Event: 2298.939 Thread 0x0000025563c622d0 DEOPT PACKING pc=0x000002554e14b654 sp=0x000000f783aff240
Event: 2299.058 Thread 0x0000025563c622d0 DEOPT UNPACKING pc=0x000002554d7d69a3 sp=0x000000f783aff158 mode 2
Event: 2339.331 Thread 0x0000025563c622d0 DEOPT PACKING pc=0x0000025546dc8fa8 sp=0x000000f783aff1b0
Event: 2339.562 Thread 0x0000025563c622d0 DEOPT UNPACKING pc=0x000002554d7d7143 sp=0x000000f783afe710 mode 0
Event: 2366.505 Thread 0x0000025563c622d0 Uncommon trap: trap_request=0xffffff45 fr.pc=0x000002554e14f0d0 relative=0x00000000000015b0
Event: 2366.505 Thread 0x0000025563c622d0 Uncommon trap: reason=unstable_if action=reinterpret pc=0x000002554e14f0d0 method=java.util.concurrent.locks.AbstractQueuedSynchronizer$ConditionObject.awaitNanos(J)J @ 144 c2
Event: 2366.505 Thread 0x0000025563c622d0 DEOPT PACKING pc=0x000002554e14f0d0 sp=0x000000f783aff240
Event: 2366.518 Thread 0x0000025563c622d0 DEOPT UNPACKING pc=0x000002554d7d69a3 sp=0x000000f783aff158 mode 2
Event: 2396.469 Thread 0x0000025563b2bae0 Uncommon trap: trap_request=0xffffff45 fr.pc=0x000002554e02d3a4 relative=0x0000000000000da4
Event: 2398.124 Thread 0x0000025563b2bae0 Uncommon trap: reason=unstable_if action=reinterpret pc=0x000002554e02d3a4 method=java.util.concurrent.ScheduledThreadPoolExecutor$ScheduledFutureTask.cancel(Z)Z @ 24 c2
Event: 2399.540 Thread 0x0000025563b2bae0 DEOPT PACKING pc=0x000002554e02d3a4 sp=0x000000f7838feff0
Event: 2400.668 Thread 0x0000025563b2bae0 DEOPT UNPACKING pc=0x000002554d7d69a3 sp=0x000000f7838fef48 mode 2

Classes unloaded (0 events):
No events

Classes redefined (0 events):
No events

Internal exceptions (20 events):
Event: 7.058 Thread 0x000002556492b4d0 Exception <a 'java/lang/NoSuchMethodError'{0x000000008df47338}: 'void java.lang.invoke.DirectMethodHandle$Holder.invokeSpecial(java.lang.Object, java.lang.Object, java.lang.Object, java.lang.Object, java.lang.Object, java.lang.Object)'> (0x000000008df47338) 
thrown [s\src\hotspot\share\interpreter\linkResolver.cpp, line 759]
Event: 7.070 Thread 0x000002556492b4d0 Exception <a 'java/lang/NoSuchMethodError'{0x000000008dfd7d28}: 'java.lang.Object java.lang.invoke.DirectMethodHandle$Holder.invokeInterface(java.lang.Object, java.lang.Object, java.lang.Object)'> (0x000000008dfd7d28) 
thrown [s\src\hotspot\share\interpreter\linkResolver.cpp, line 759]
Event: 7.070 Thread 0x000002556492b4d0 Exception <a 'java/lang/IncompatibleClassChangeError'{0x000000008dfdb6b0}: Found class java.lang.Object, but interface was expected> (0x000000008dfdb6b0) 
thrown [s\src\hotspot\share\interpreter\linkResolver.cpp, line 826]
Event: 7.092 Thread 0x000002556492b4d0 Implicit null exception at 0x000002554dd3fd0f to 0x000002554dd3fd85
Event: 7.647 Thread 0x000002556492b4d0 Exception <a 'java/lang/NoSuchMethodError'{0x000000008e3d3cd8}: 'java.lang.Object java.lang.invoke.DirectMethodHandle$Holder.newInvokeSpecial(java.lang.Object, java.lang.Object, int)'> (0x000000008e3d3cd8) 
thrown [s\src\hotspot\share\interpreter\linkResolver.cpp, line 759]
Event: 8.056 Thread 0x000002556492b4d0 Exception <a 'java/lang/NoSuchMethodError'{0x0000000090174fa0}: 'long java.lang.invoke.DirectMethodHandle$Holder.invokeStatic(java.lang.Object, java.lang.Object, java.lang.Object)'> (0x0000000090174fa0) 
thrown [s\src\hotspot\share\interpreter\linkResolver.cpp, line 759]
Event: 8.057 Thread 0x000002556492b4d0 Exception <a 'java/lang/NoSuchMethodError'{0x0000000090178748}: 'long java.lang.invoke.DirectMethodHandle$Holder.invokeStaticInit(java.lang.Object, java.lang.Object, java.lang.Object)'> (0x0000000090178748) 
thrown [s\src\hotspot\share\interpreter\linkResolver.cpp, line 759]
Event: 8.185 Thread 0x0000025563d40d00 Exception <a 'java/lang/NoSuchMethodError'{0x000000008fb20048}: 'java.lang.Object java.lang.invoke.DirectMethodHandle$Holder.invokeStaticInit(java.lang.Object, int)'> (0x000000008fb20048) 
thrown [s\src\hotspot\share\interpreter\linkResolver.cpp, line 759]
Event: 11.449 Thread 0x000002556492b4d0 Exception <a 'java/lang/NoSuchMethodError'{0x000000008fa89258}: 'void java.lang.invoke.DirectMethodHandle$Holder.invokeVirtual(java.lang.Object, java.lang.Object)'> (0x000000008fa89258) 
thrown [s\src\hotspot\share\interpreter\linkResolver.cpp, line 759]
Event: 19.649 Thread 0x000002556492b4d0 Implicit null exception at 0x000002554e051860 to 0x000002554e052200
Event: 19.650 Thread 0x000002556492b4d0 Implicit null exception at 0x000002554ded87b9 to 0x000002554ded8a38
Event: 20.017 Thread 0x000002556492b4d0 Exception <a 'java/io/FileNotFoundException'{0x0000000091594ba8}> (0x0000000091594ba8) 
thrown [s\src\hotspot\share\prims\jni.cpp, line 516]
Event: 20.022 Thread 0x000002556492b4d0 Exception <a 'java/io/FileNotFoundException'{0x0000000090702690}> (0x0000000090702690) 
thrown [s\src\hotspot\share\prims\jni.cpp, line 516]
Event: 20.026 Thread 0x000002556492b4d0 Exception <a 'java/io/FileNotFoundException'{0x0000000090716848}> (0x0000000090716848) 
thrown [s\src\hotspot\share\prims\jni.cpp, line 516]
Event: 20.081 Thread 0x000002556492b4d0 Implicit null exception at 0x000002554e04b404 to 0x000002554e04b49c
Event: 22.418 Thread 0x000002556492b4d0 Exception <a 'java/lang/NoSuchMethodError'{0x000000009018c1e0}: 'java.lang.Object java.lang.invoke.DirectMethodHandle$Holder.newInvokeSpecial(java.lang.Object, java.lang.Object, int, int, int, int, int, java.lang.Object)'> (0x000000009018c1e0) 
thrown [s\src\hotspot\share\interpreter\linkResolver.cpp, line 759]
Event: 22.421 Thread 0x000002556492b4d0 Exception <a 'java/lang/NoSuchMethodError'{0x000000008fd0d708}: 'java.lang.Object java.lang.invoke.DirectMethodHandle$Holder.newInvokeSpecial(java.lang.Object, java.lang.Object, java.lang.Object, int, int, int, int, int)'> (0x000000008fd0d708) 
thrown [s\src\hotspot\share\interpreter\linkResolver.cpp, line 759]
Event: 22.422 Thread 0x000002556492b4d0 Exception <a 'java/lang/NoSuchMethodError'{0x000000008fd151b8}: 'java.lang.Object java.lang.invoke.Invokers$Holder.linkToTargetMethod(java.lang.Object, java.lang.Object, int, int, int, int, int, java.lang.Object)'> (0x000000008fd151b8) 
thrown [s\src\hotspot\share\interpreter\linkResolver.cpp, line 759]
Event: 27.419 Thread 0x000002556492b4d0 Implicit null exception at 0x000002554dd8a9f2 to 0x000002554dd8afc0
Event: 27.420 Thread 0x000002556492b4d0 Implicit null exception at 0x000002554dd5d372 to 0x000002554dd5d950

VM Operations (20 events):
Event: 2352.094 Executing VM operation: G1CollectForAllocation done
Event: 2353.434 Executing VM operation: G1CollectForAllocation
Event: 2353.435 Executing VM operation: G1CollectForAllocation done
Event: 2354.648 Executing VM operation: G1CollectForAllocation
Event: 2354.648 Executing VM operation: G1CollectForAllocation done
Event: 2359.582 Executing VM operation: G1CollectForAllocation
Event: 2359.583 Executing VM operation: G1CollectForAllocation done
Event: 2361.064 Executing VM operation: G1CollectForAllocation
Event: 2361.065 Executing VM operation: G1CollectForAllocation done
Event: 2368.144 Executing VM operation: Cleanup
Event: 2368.494 Executing VM operation: Cleanup done
Event: 2405.617 Executing VM operation: G1CollectForAllocation
Event: 2409.901 Executing VM operation: G1CollectForAllocation done
Event: 2411.642 Executing VM operation: G1CollectForAllocation
Event: 2412.366 Executing VM operation: G1CollectForAllocation done
Event: 2436.111 Executing VM operation: G1CollectForAllocation
Event: 2439.751 Executing VM operation: G1CollectForAllocation done
Event: 2442.206 Executing VM operation: G1CollectForAllocation
Event: 2442.703 Executing VM operation: G1CollectForAllocation done
Event: 2444.104 Executing VM operation: G1CollectForAllocation

Events (20 events):
Event: 29.985 Thread 0x000002555d25e550 flushing nmethod 0x000002554673e710
Event: 29.986 Thread 0x000002555d25e550 flushing nmethod 0x0000025546803610
Event: 29.988 Thread 0x000002555d25e550 flushing nmethod 0x00000255469d7e90
Event: 29.988 Thread 0x000002555d25e550 flushing nmethod 0x00000255469d9410
Event: 29.988 Thread 0x000002555d25e550 flushing nmethod 0x00000255469ea290
Event: 29.988 Thread 0x000002555d25e550 flushing nmethod 0x00000255469ea610
Event: 29.988 Thread 0x000002555d25e550 flushing nmethod 0x00000255469eba10
Event: 29.988 Thread 0x000002555d25e550 flushing nmethod 0x00000255469ec010
Event: 29.990 Thread 0x000002555d25e550 flushing nmethod 0x0000025546aef990
Event: 30.049 Thread 0x00000255705a91a0 Thread added: 0x00000255705a91a0
Event: 31.879 Thread 0x00000255705a91a0 Thread exited: 0x00000255705a91a0
Event: 35.238 loading class java/util/IdentityHashMap$KeyIterator
Event: 35.238 Thread 0x0000025563b2c500 Thread exited: 0x0000025563b2c500
Event: 35.238 loading class java/util/IdentityHashMap$IdentityHashMapIterator
Event: 35.238 loading class java/util/IdentityHashMap$IdentityHashMapIterator done
Event: 35.238 loading class java/util/IdentityHashMap$KeyIterator done
Event: 35.238 Thread 0x000002554138ce80 Thread exited: 0x000002554138ce80
Event: 35.239 Thread 0x0000025563c61dc0 Thread added: 0x0000025563c61dc0
Event: 35.239 Thread 0x000002556492b4d0 Thread exited: 0x000002556492b4d0
Event: 35.316 Thread 0x0000025563d40d00 Thread exited: 0x0000025563d40d00


Dynamic libraries:
0x00007ff7f1020000 - 0x00007ff7f102e000 	C:\Users\Lenovo\.p2\pool\plugins\org.eclipse.justj.openjdk.hotspot.jre.full.win32.x86_64_17.0.8.v20230831-1047\jre\bin\javaw.exe
0x00007ffeada90000 - 0x00007ffeadca6000 	C:\WINDOWS\SYSTEM32\ntdll.dll
0x00007ffead2f0000 - 0x00007ffead3b4000 	C:\WINDOWS\System32\KERNEL32.DLL
0x00007ffeab200000 - 0x00007ffeab5a7000 	C:\WINDOWS\System32\KERNELBASE.dll
0x00007ffeab020000 - 0x00007ffeab131000 	C:\WINDOWS\System32\ucrtbase.dll
0x00007ffea2450000 - 0x00007ffea2469000 	C:\Users\Lenovo\.p2\pool\plugins\org.eclipse.justj.openjdk.hotspot.jre.full.win32.x86_64_17.0.8.v20230831-1047\jre\bin\VCRUNTIME140.dll
0x00007ffea5b40000 - 0x00007ffea5b57000 	C:\Users\Lenovo\.p2\pool\plugins\org.eclipse.justj.openjdk.hotspot.jre.full.win32.x86_64_17.0.8.v20230831-1047\jre\bin\jli.dll
0x00007ffeac660000 - 0x00007ffeac80e000 	C:\WINDOWS\System32\USER32.dll
0x00007ffeaae50000 - 0x00007ffeaae76000 	C:\WINDOWS\System32\win32u.dll
0x00007ffeac410000 - 0x00007ffeac439000 	C:\WINDOWS\System32\GDI32.dll
0x00007ffe9e210000 - 0x00007ffe9e4a3000 	C:\WINDOWS\WinSxS\amd64_microsoft.windows.common-controls_6595b64144ccf1df_6.0.22621.3235_none_270f74e173860f98\COMCTL32.dll
0x00007ffeab5b0000 - 0x00007ffeab6c9000 	C:\WINDOWS\System32\gdi32full.dll
0x00007ffeab7c0000 - 0x00007ffeab867000 	C:\WINDOWS\System32\msvcrt.dll
0x00007ffeaadb0000 - 0x00007ffeaae4a000 	C:\WINDOWS\System32\msvcp_win.dll
0x00007ffead6e0000 - 0x00007ffead711000 	C:\WINDOWS\System32\IMM32.DLL
0x00007ffea61c0000 - 0x00007ffea61cc000 	C:\Users\Lenovo\.p2\pool\plugins\org.eclipse.justj.openjdk.hotspot.jre.full.win32.x86_64_17.0.8.v20230831-1047\jre\bin\vcruntime140_1.dll
0x00007ffe92120000 - 0x00007ffe921b1000 	C:\Users\Lenovo\.p2\pool\plugins\org.eclipse.justj.openjdk.hotspot.jre.full.win32.x86_64_17.0.8.v20230831-1047\jre\bin\msvcp140.dll
0x00007ffe5b7d0000 - 0x00007ffe5c41c000 	C:\Users\Lenovo\.p2\pool\plugins\org.eclipse.justj.openjdk.hotspot.jre.full.win32.x86_64_17.0.8.v20230831-1047\jre\bin\server\jvm.dll
0x00007ffeac440000 - 0x00007ffeac4f2000 	C:\WINDOWS\System32\ADVAPI32.dll
0x00007ffead720000 - 0x00007ffead7c8000 	C:\WINDOWS\System32\sechost.dll
0x00007ffeaae80000 - 0x00007ffeaaea8000 	C:\WINDOWS\System32\bcrypt.dll
0x00007ffeabc00000 - 0x00007ffeabd15000 	C:\WINDOWS\System32\RPCRT4.dll
0x00007ffea5700000 - 0x00007ffea5709000 	C:\WINDOWS\SYSTEM32\WSOCK32.dll
0x00007ffeaac90000 - 0x00007ffeaacdd000 	C:\WINDOWS\SYSTEM32\POWRPROF.dll
0x00007ffeac1e0000 - 0x00007ffeac251000 	C:\WINDOWS\System32\WS2_32.dll
0x00007ffea1c40000 - 0x00007ffea1c4a000 	C:\WINDOWS\SYSTEM32\VERSION.dll
0x00007ffea3670000 - 0x00007ffea36a4000 	C:\WINDOWS\SYSTEM32\WINMM.dll
0x00007ffeaac60000 - 0x00007ffeaac73000 	C:\WINDOWS\SYSTEM32\UMPDC.dll
0x00007ffea9db0000 - 0x00007ffea9dc8000 	C:\WINDOWS\SYSTEM32\kernel.appcore.dll
0x00007ffea6130000 - 0x00007ffea613a000 	C:\Users\Lenovo\.p2\pool\plugins\org.eclipse.justj.openjdk.hotspot.jre.full.win32.x86_64_17.0.8.v20230831-1047\jre\bin\jimage.dll
0x00007ffea8760000 - 0x00007ffea8993000 	C:\WINDOWS\SYSTEM32\DBGHELP.DLL
0x00007ffeab870000 - 0x00007ffeabbf8000 	C:\WINDOWS\System32\combase.dll
0x00007ffead600000 - 0x00007ffead6d7000 	C:\WINDOWS\System32\OLEAUT32.dll
0x00007ffe839d0000 - 0x00007ffe83a02000 	C:\WINDOWS\SYSTEM32\dbgcore.DLL
0x00007ffeab6d0000 - 0x00007ffeab749000 	C:\WINDOWS\System32\bcryptPrimitives.dll
0x00007ffe9ec60000 - 0x00007ffe9ec6e000 	C:\Users\Lenovo\.p2\pool\plugins\org.eclipse.justj.openjdk.hotspot.jre.full.win32.x86_64_17.0.8.v20230831-1047\jre\bin\instrument.dll
0x00007ffea2470000 - 0x00007ffea2495000 	C:\Users\Lenovo\.p2\pool\plugins\org.eclipse.justj.openjdk.hotspot.jre.full.win32.x86_64_17.0.8.v20230831-1047\jre\bin\java.dll
0x00007ffea60e0000 - 0x00007ffea60f8000 	C:\Users\Lenovo\.p2\pool\plugins\org.eclipse.justj.openjdk.hotspot.jre.full.win32.x86_64_17.0.8.v20230831-1047\jre\bin\zip.dll
0x00007ffeac890000 - 0x00007ffead0ec000 	C:\WINDOWS\System32\SHELL32.dll
0x00007ffea8cc0000 - 0x00007ffea95b9000 	C:\WINDOWS\SYSTEM32\windows.storage.dll
0x00007ffea8b80000 - 0x00007ffea8cbe000 	C:\WINDOWS\SYSTEM32\wintypes.dll
0x00007ffead0f0000 - 0x00007ffead1e3000 	C:\WINDOWS\System32\SHCORE.dll
0x00007ffead3e0000 - 0x00007ffead43e000 	C:\WINDOWS\System32\shlwapi.dll
0x00007ffeaace0000 - 0x00007ffeaad01000 	C:\WINDOWS\SYSTEM32\profapi.dll
0x00007ffea53c0000 - 0x00007ffea53d9000 	C:\Users\Lenovo\.p2\pool\plugins\org.eclipse.justj.openjdk.hotspot.jre.full.win32.x86_64_17.0.8.v20230831-1047\jre\bin\net.dll
0x00007ffea4940000 - 0x00007ffea4a76000 	C:\WINDOWS\SYSTEM32\WINHTTP.dll
0x00007ffeaa210000 - 0x00007ffeaa279000 	C:\WINDOWS\system32\mswsock.dll
0x00007ffea4e80000 - 0x00007ffea4e95000 	C:\Users\Lenovo\.p2\pool\plugins\org.eclipse.justj.openjdk.hotspot.jre.full.win32.x86_64_17.0.8.v20230831-1047\jre\bin\nio.dll
0x00007ffea4e10000 - 0x00007ffea4e20000 	C:\Users\Lenovo\.p2\pool\plugins\org.eclipse.justj.openjdk.hotspot.jre.full.win32.x86_64_17.0.8.v20230831-1047\jre\bin\verify.dll
0x00007ffe9e6d0000 - 0x00007ffe9e6e7000 	C:\WINDOWS\system32\napinsp.dll
0x00007ffe9aae0000 - 0x00007ffe9aafb000 	C:\WINDOWS\system32\pnrpnsp.dll
0x00007ffea9890000 - 0x00007ffea9989000 	C:\WINDOWS\SYSTEM32\DNSAPI.dll
0x00007ffea9820000 - 0x00007ffea984d000 	C:\WINDOWS\SYSTEM32\IPHLPAPI.DLL
0x00007ffeac1d0000 - 0x00007ffeac1d9000 	C:\WINDOWS\System32\NSI.dll
0x00007ffe9aac0000 - 0x00007ffe9aad1000 	C:\WINDOWS\System32\winrnr.dll
0x00007ffe75c70000 - 0x00007ffe75c85000 	C:\WINDOWS\system32\wshbth.dll
0x00007ffe6faf0000 - 0x00007ffe6fb11000 	C:\WINDOWS\system32\nlansp_c.dll
0x00007ffea2920000 - 0x00007ffea292a000 	C:\Windows\System32\rasadhlp.dll
0x00007ffea3960000 - 0x00007ffea39e3000 	C:\WINDOWS\System32\fwpuclnt.dll
0x00007ffea4700000 - 0x00007ffea4719000 	C:\WINDOWS\SYSTEM32\dhcpcsvc6.DLL
0x00007ffea46c0000 - 0x00007ffea46df000 	C:\WINDOWS\SYSTEM32\dhcpcsvc.DLL
0x000002555df00000 - 0x000002555df03000 	D:\extractJavaFxFileEclipse\javafx-sdk-22\bin\api-ms-win-core-console-l1-1-0.dll
0x000002555df10000 - 0x000002555df13000 	D:\extractJavaFxFileEclipse\javafx-sdk-22\bin\api-ms-win-core-console-l1-2-0.dll
0x000002555df20000 - 0x000002555df23000 	D:\extractJavaFxFileEclipse\javafx-sdk-22\bin\api-ms-win-core-datetime-l1-1-0.dll
0x000002555df30000 - 0x000002555df33000 	D:\extractJavaFxFileEclipse\javafx-sdk-22\bin\api-ms-win-core-debug-l1-1-0.dll
0x000002555df40000 - 0x000002555df43000 	D:\extractJavaFxFileEclipse\javafx-sdk-22\bin\api-ms-win-core-errorhandling-l1-1-0.dll
0x000002555df50000 - 0x000002555df54000 	D:\extractJavaFxFileEclipse\javafx-sdk-22\bin\api-ms-win-core-file-l1-1-0.dll
0x000002555df60000 - 0x000002555df63000 	D:\extractJavaFxFileEclipse\javafx-sdk-22\bin\api-ms-win-core-file-l1-2-0.dll
0x000002555df70000 - 0x000002555df73000 	D:\extractJavaFxFileEclipse\javafx-sdk-22\bin\api-ms-win-core-file-l2-1-0.dll
0x000002555df80000 - 0x000002555df83000 	D:\extractJavaFxFileEclipse\javafx-sdk-22\bin\api-ms-win-core-handle-l1-1-0.dll
0x000002555df90000 - 0x000002555df93000 	D:\extractJavaFxFileEclipse\javafx-sdk-22\bin\api-ms-win-core-heap-l1-1-0.dll
0x000002555dfa0000 - 0x000002555dfa3000 	D:\extractJavaFxFileEclipse\javafx-sdk-22\bin\api-ms-win-core-interlocked-l1-1-0.dll
0x000002555dfb0000 - 0x000002555dfb3000 	D:\extractJavaFxFileEclipse\javafx-sdk-22\bin\api-ms-win-core-libraryloader-l1-1-0.dll
0x000002555dfc0000 - 0x000002555dfc3000 	D:\extractJavaFxFileEclipse\javafx-sdk-22\bin\api-ms-win-core-localization-l1-2-0.dll
0x000002555dfd0000 - 0x000002555dfd3000 	D:\extractJavaFxFileEclipse\javafx-sdk-22\bin\api-ms-win-core-memory-l1-1-0.dll
0x000002555dfe0000 - 0x000002555dfe3000 	D:\extractJavaFxFileEclipse\javafx-sdk-22\bin\api-ms-win-core-namedpipe-l1-1-0.dll
0x000002555dff0000 - 0x000002555dff3000 	D:\extractJavaFxFileEclipse\javafx-sdk-22\bin\api-ms-win-core-processenvironment-l1-1-0.dll
0x00000255642e0000 - 0x00000255642e3000 	D:\extractJavaFxFileEclipse\javafx-sdk-22\bin\api-ms-win-core-processthreads-l1-1-0.dll
0x00000255642f0000 - 0x00000255642f3000 	D:\extractJavaFxFileEclipse\javafx-sdk-22\bin\api-ms-win-core-processthreads-l1-1-1.dll
0x0000025564300000 - 0x0000025564303000 	D:\extractJavaFxFileEclipse\javafx-sdk-22\bin\api-ms-win-core-profile-l1-1-0.dll
0x0000025564310000 - 0x0000025564313000 	D:\extractJavaFxFileEclipse\javafx-sdk-22\bin\api-ms-win-core-rtlsupport-l1-1-0.dll
0x0000025564320000 - 0x0000025564323000 	D:\extractJavaFxFileEclipse\javafx-sdk-22\bin\api-ms-win-core-string-l1-1-0.dll
0x0000025564330000 - 0x0000025564333000 	D:\extractJavaFxFileEclipse\javafx-sdk-22\bin\api-ms-win-core-synch-l1-1-0.dll
0x0000025564340000 - 0x0000025564343000 	D:\extractJavaFxFileEclipse\javafx-sdk-22\bin\api-ms-win-core-synch-l1-2-0.dll
0x0000025564350000 - 0x0000025564353000 	D:\extractJavaFxFileEclipse\javafx-sdk-22\bin\api-ms-win-core-sysinfo-l1-1-0.dll
0x0000025564360000 - 0x0000025564363000 	D:\extractJavaFxFileEclipse\javafx-sdk-22\bin\api-ms-win-core-timezone-l1-1-0.dll
0x0000025564370000 - 0x0000025564373000 	D:\extractJavaFxFileEclipse\javafx-sdk-22\bin\api-ms-win-core-util-l1-1-0.dll
0x0000025564380000 - 0x0000025564383000 	D:\extractJavaFxFileEclipse\javafx-sdk-22\bin\api-ms-win-crt-conio-l1-1-0.dll
0x0000025564390000 - 0x0000025564394000 	D:\extractJavaFxFileEclipse\javafx-sdk-22\bin\api-ms-win-crt-convert-l1-1-0.dll
0x00000255643a0000 - 0x00000255643a3000 	D:\extractJavaFxFileEclipse\javafx-sdk-22\bin\api-ms-win-crt-environment-l1-1-0.dll
0x00000255643b0000 - 0x00000255643b3000 	D:\extractJavaFxFileEclipse\javafx-sdk-22\bin\api-ms-win-crt-filesystem-l1-1-0.dll
0x00000255643c0000 - 0x00000255643c3000 	D:\extractJavaFxFileEclipse\javafx-sdk-22\bin\api-ms-win-crt-heap-l1-1-0.dll
0x00000255643d0000 - 0x00000255643d3000 	D:\extractJavaFxFileEclipse\javafx-sdk-22\bin\api-ms-win-crt-locale-l1-1-0.dll
0x00000255643e0000 - 0x00000255643e5000 	D:\extractJavaFxFileEclipse\javafx-sdk-22\bin\api-ms-win-crt-math-l1-1-0.dll
0x00000255643f0000 - 0x00000255643f5000 	D:\extractJavaFxFileEclipse\javafx-sdk-22\bin\api-ms-win-crt-multibyte-l1-1-0.dll
0x0000025564400000 - 0x0000025564410000 	D:\extractJavaFxFileEclipse\javafx-sdk-22\bin\api-ms-win-crt-private-l1-1-0.dll
0x0000025564410000 - 0x0000025564413000 	D:\extractJavaFxFileEclipse\javafx-sdk-22\bin\api-ms-win-crt-process-l1-1-0.dll
0x0000025564420000 - 0x0000025564424000 	D:\extractJavaFxFileEclipse\javafx-sdk-22\bin\api-ms-win-crt-runtime-l1-1-0.dll
0x0000025564430000 - 0x0000025564434000 	D:\extractJavaFxFileEclipse\javafx-sdk-22\bin\api-ms-win-crt-stdio-l1-1-0.dll
0x0000025564440000 - 0x0000025564444000 	D:\extractJavaFxFileEclipse\javafx-sdk-22\bin\api-ms-win-crt-string-l1-1-0.dll
0x0000025564450000 - 0x0000025564453000 	D:\extractJavaFxFileEclipse\javafx-sdk-22\bin\api-ms-win-crt-time-l1-1-0.dll
0x0000025564460000 - 0x0000025564463000 	D:\extractJavaFxFileEclipse\javafx-sdk-22\bin\api-ms-win-crt-utility-l1-1-0.dll
0x00007ffe8cc40000 - 0x00007ffe8cd3c000 	D:\extractJavaFxFileEclipse\javafx-sdk-22\bin\ucrtbase.dll
0x00007ffea2430000 - 0x00007ffea244b000 	D:\extractJavaFxFileEclipse\javafx-sdk-22\bin\vcruntime140.dll
0x00007ffea23f0000 - 0x00007ffea23fc000 	D:\extractJavaFxFileEclipse\javafx-sdk-22\bin\vcruntime140_1.dll
0x00007ffe92090000 - 0x00007ffe9211e000 	D:\extractJavaFxFileEclipse\javafx-sdk-22\bin\msvcp140.dll
0x00007ffe9ec70000 - 0x00007ffe9ec79000 	D:\extractJavaFxFileEclipse\javafx-sdk-22\bin\msvcp140_1.dll
0x00007ffe91fd0000 - 0x00007ffe92011000 	D:\extractJavaFxFileEclipse\javafx-sdk-22\bin\msvcp140_2.dll
0x00007ffe91d60000 - 0x00007ffe91d90000 	D:\extractJavaFxFileEclipse\javafx-sdk-22\bin\prism_d3d.dll
0x00007ffe8ffb0000 - 0x00007ffe90159000 	C:\WINDOWS\system32\d3d9.dll
0x00007ffea82a0000 - 0x00007ffea82cb000 	C:\WINDOWS\SYSTEM32\dwmapi.dll
0x00007ffea8060000 - 0x00007ffea8099000 	C:\WINDOWS\SYSTEM32\dxcore.dll
0x00007ffea7f60000 - 0x00007ffea800b000 	C:\WINDOWS\system32\uxtheme.dll
0x00007ffeaa940000 - 0x00007ffeaa952000 	C:\WINDOWS\SYSTEM32\msasn1.dll
0x00007ffea1ac0000 - 0x00007ffea1af2000 	C:\WINDOWS\SYSTEM32\cryptnet.dll
0x00007ffeaaeb0000 - 0x00007ffeab017000 	C:\WINDOWS\System32\CRYPT32.dll
0x00007ffea11a0000 - 0x00007ffea12f8000 	C:\WINDOWS\SYSTEM32\drvstore.dll
0x00007ffeaa980000 - 0x00007ffeaa9ac000 	C:\WINDOWS\SYSTEM32\devobj.dll
0x00007ffeaa9b0000 - 0x00007ffeaa9fe000 	C:\WINDOWS\SYSTEM32\cfgmgr32.dll
0x00007ffeaa4a0000 - 0x00007ffeaa4e8000 	C:\WINDOWS\SYSTEM32\wldp.dll
0x00007ffeaa410000 - 0x00007ffeaa41c000 	C:\WINDOWS\SYSTEM32\cryptbase.dll
0x00007ffeab750000 - 0x00007ffeab7bb000 	C:\WINDOWS\System32\wintrust.dll
0x00007ffeac1b0000 - 0x00007ffeac1cf000 	C:\WINDOWS\System32\imagehlp.dll
0x00007ffeaa6c0000 - 0x00007ffeaa6db000 	C:\WINDOWS\SYSTEM32\CRYPTSP.dll
0x00007ffea9d10000 - 0x00007ffea9d45000 	C:\WINDOWS\system32\rsaenh.dll
0x00007ffe9b9f0000 - 0x00007ffe9dc0d000 	C:\WINDOWS\System32\DriverStore\FileRepository\nvlti.inf_amd64_98aa0424e64f7757\nvgpucomp64.dll
0x00007ffea41c0000 - 0x00007ffea420a000 	C:\WINDOWS\SYSTEM32\directxdatabasehelper.dll
0x00007ffeac260000 - 0x00007ffeac405000 	C:\WINDOWS\System32\ole32.dll

dbghelp: loaded successfully - version: 4.0.5 - missing functions: none
symbol engine: initialized successfully - sym options: 0x614 - pdb path: .;C:\Users\Lenovo\.p2\pool\plugins\org.eclipse.justj.openjdk.hotspot.jre.full.win32.x86_64_17.0.8.v20230831-1047\jre\bin;C:\WINDOWS\SYSTEM32;C:\WINDOWS\WinSxS\amd64_microsoft.windows.common-controls_6595b64144ccf1df_6.0.22621.3235_none_270f74e173860f98;C:\Users\Lenovo\.p2\pool\plugins\org.eclipse.justj.openjdk.hotspot.jre.full.win32.x86_64_17.0.8.v20230831-1047\jre\bin\server;D:\extractJavaFxFileEclipse\javafx-sdk-22\bin;C:\WINDOWS\System32\DriverStore\FileRepository\nvlti.inf_amd64_98aa0424e64f7757;C:\WINDOWS\System32\DriverStore\FileRepository\u0361612.inf_amd64_b679e02f70413f9f\B361368

VM Arguments:
jvm_args: -javaagent:C:\Users\Lenovo\java-2023-06\eclipse\configuration\org.eclipse.osgi\471\0\.cp\jacocoagent.jar=includes=*,excludes=,exclclassloader=sun.reflect.DelegatingClassLoader,output=tcpclient,port=51564 --module-path=D:\extractJavaFxFileEclipse\javafx-sdk-22\lib --add-modules=javafx.controls,javafx.graphics,javafx.fxml -Dfile.encoding=UTF-8 -XX:+ShowCodeDetailsInExceptionMessages 
java_command: application.NXTVMain
java_class_path (initial): C:\Users\Lenovo\eclipse-workspace\NXTVapeLounge\bin;D:\extractJavaFxFileEclipse\javafx-sdk-22\lib\javafx.base.jar;D:\extractJavaFxFileEclipse\javafx-sdk-22\lib\javafx.controls.jar;D:\extractJavaFxFileEclipse\javafx-sdk-22\lib\javafx.fxml.jar;D:\extractJavaFxFileEclipse\javafx-sdk-22\lib\javafx.graphics.jar;D:\extractJavaFxFileEclipse\javafx-sdk-22\lib\javafx.media.jar;D:\extractJavaFxFileEclipse\javafx-sdk-22\lib\javafx.swing.jar;D:\extractJavaFxFileEclipse\javafx-sdk-22\lib\javafx.web.jar;D:\extractJavaFxFileEclipse\javafx-sdk-22\lib\javafx-swt.jar;C:\Users\Lenovo\.p2\pool\plugins\org.eclipse.fx.ide.css.jfx8_3.8.0.202204150904.jar;D:\msql\sqljdbc_12.6\enu\jars\mssql-jdbc-12.6.1.jre11.jar
Launcher Type: SUN_STANDARD

[Global flags]
     intx CICompilerCount                          = 4                                         {product} {ergonomic}
     uint ConcGCThreads                            = 3                                         {product} {ergonomic}
     uint G1ConcRefinementThreads                  = 10                                        {product} {ergonomic}
   size_t G1HeapRegionSize                         = 1048576                                   {product} {ergonomic}
    uintx GCDrainStackTargetSize                   = 64                                        {product} {ergonomic}
   size_t InitialHeapSize                          = 123731968                                 {product} {ergonomic}
   size_t MarkStackSize                            = 4194304                                   {product} {ergonomic}
   size_t MaxHeapSize                              = 1979711488                                {product} {ergonomic}
   size_t MaxNewSize                               = 1186988032                                {product} {ergonomic}
   size_t MinHeapDeltaBytes                        = 1048576                                   {product} {ergonomic}
   size_t MinHeapSize                              = 8388608                                   {product} {ergonomic}
    uintx NonNMethodCodeHeapSize                   = 5839372                                {pd product} {ergonomic}
    uintx NonProfiledCodeHeapSize                  = 122909434                              {pd product} {ergonomic}
    uintx ProfiledCodeHeapSize                     = 122909434                              {pd product} {ergonomic}
    uintx ReservedCodeCacheSize                    = 251658240                              {pd product} {ergonomic}
     bool SegmentedCodeCache                       = true                                      {product} {ergonomic}
     bool ShowCodeDetailsInExceptionMessages       = true                                   {manageable} {command line}
   size_t SoftMaxHeapSize                          = 1979711488                             {manageable} {ergonomic}
     bool UseCompressedClassPointers               = true                           {product lp64_product} {ergonomic}
     bool UseCompressedOops                        = true                           {product lp64_product} {ergonomic}
     bool UseG1GC                                  = true                                      {product} {ergonomic}
     bool UseLargePagesIndividualAllocation        = false                                  {pd product} {ergonomic}

Logging:
Log output configuration:
 #0: stdout all=warning uptime,level,tags
 #1: stderr all=off uptime,level,tags

Environment Variables:
JAVA_HOME=C:\Users\Lenovo\AppData\Local\Programs\Eclipse Adoptium\jdk-17.0.8.101-hotspot\
PATH=C:/Users/Lenovo/.p2/pool/plugins/org.eclipse.justj.openjdk.hotspot.jre.full.win32.x86_64_17.0.8.v20230831-1047/jre/bin/server;C:/Users/Lenovo/.p2/pool/plugins/org.eclipse.justj.openjdk.hotspot.jre.full.win32.x86_64_17.0.8.v20230831-1047/jre/bin;C:\Program Files\Common Files\Oracle\Java\javapath;C:\Program Files (x86)\Common Files\Oracle\Java\javapath;C:\msys64\mingw64\bin;C:\Windows\system32;C:\Windows;C:\Windows\System32\Wbem;C:\Windows\System32\WindowsPowerShell\v1.0\;C:\Windows\System32\OpenSSH\;C:\Program Files\NVIDIA Corporation\NVIDIA NvDLISR;C:\Program Files (x86)\NVIDIA Corporation\PhysX\Common;C:\Users\Lenovo\AppData\Local\Programs\Python\Python310\python.exe;C:\Program Files (x86)\dotnet\;C:\WINDOWS\system32;C:\WINDOWS;C:\WINDOWS\System32\Wbem;C:\WINDOWS\System32\WindowsPowerShell\v1.0\;C:\WINDOWS\System32\OpenSSH\;D:\PuTTY\;C:\Program Files\Azure Data Studio\bin;C:\Program Files (x86)\Microsoft SQL Server\160\DTS\Binn\;C:\Program Files (x86)\Microsoft SQL Server\160\Tools\Binn\;C:\Program Files\Microsoft SQL Server\160\Tools\Binn\;C:\Program Files\Microsoft SQL Server\Client SDK\ODBC\170\Tools\Binn\;C:\Program Files\Microsoft SQL Server\160\DTS\Binn\;C:\Program Files\Java\jdk-22\bin;D:\git\Git\cmd;C:\Users\Lenovo\AppData\Local\Programs\Eclipse Adoptium\jdk-17.0.8.101-hotspot\bin;C:\Users\Lenovo\AppData\Local\Microsoft\WindowsApps;C:\Users\Lenovo\AppData\Local\Programs\Microsoft VS Code\bin;C:\Users\Lenovo\.dotnet\tools;C:\Program Files\CodeBlocks\MinGW\bin;C:\msys64\mingw64\bin;C:\Users\Lenovo\AppData\Local\Microsoft\WindowsApps;;C:\Program Files\Azure Data Studio\bin;C:\Users\Lenovo\OneDrive\Desktop;
USERNAME=Lenovo
OS=Windows_NT
PROCESSOR_IDENTIFIER=AMD64 Family 23 Model 96 Stepping 1, AuthenticAMD
TMP=C:\Users\Lenovo\AppData\Local\Temp
TEMP=C:\Users\Lenovo\AppData\Local\Temp



---------------  S Y S T E M  ---------------

OS:
 Windows 11 , 64 bit Build 22621 (10.0.22621.3374)
OS uptime: 0 days 5:02 hours
Hyper-V role detected

CPU: total 12 (initial active 12) (12 cores per cpu, 2 threads per core) family 23 model 96 stepping 1 microcode 0x0, cx8, cmov, fxsr, ht, mmx, 3dnowpref, sse, sse2, sse3, ssse3, sse4a, sse4.1, sse4.2, popcnt, lzcnt, tsc, tscinvbit, avx, avx2, aes, clmul, bmi1, bmi2, adx, sha, fma, vzeroupper, clflush, clflushopt, hv
Processor Information for all 12 processors :
  Max Mhz: 3000, Current Mhz: 3000, Mhz Limit: 3000

Memory: 4k page, system-wide physical 7549M (172M free)
TotalPageFile size 31101M (AvailPageFile size 132M)
current process WorkingSet (physical memory assigned to process): 6M, peak: 356M
current process commit charge ("private bytes"): 320M, peak: 498M

vm_info: OpenJDK 64-Bit Server VM (17.0.8.1+1) for windows-amd64 JRE (17.0.8.1+1), built on Aug 23 2023 15:29:17 by "admin" with MS VC++ 16.7 (VS2019)

END.
